[2016-08-30 18:07:39] START
[2016-08-30 18:18:46] CREATE dbkrs.py: 0
[2016-08-30 18:20:14] CREATE bkrstools.py: 0
[2016-08-30 21:24:34] EDIT dabkrs/models/dbkrs.py: 0
[2016-08-30 21:25:35] EDIT dabkrs/modules/bkrstools.py: 0
[2016-08-30 21:28:18] EDIT dabkrs/models/dbkrs.py: 0
[2016-08-30 21:28:50] EDIT dabkrs/models/dbkrs.py: 0
[2016-08-30 21:30:16] EDIT dabkrs/models/dbkrs.py: 0
[2016-08-30 21:36:37] EDIT dabkrs/controllers/slovar.py: 5
[2016-08-30 21:36:57] EDIT dabkrs/controllers/slovar.py: 0
[2016-08-30 21:39:58] EDIT dabkrs/modules/bkrstools.py: 12
[2016-08-30 21:42:22] EDIT dabkrs/controllers/slovar.py: -11
[2016-08-30 21:42:25] EDIT dabkrs/modules/bkrstools.py: 0
[2016-08-31 15:42:16] EDIT dabkrs/controllers/slovar.py: 4
[2016-08-31 15:47:29] EDIT dabkrs/controllers/slovar.py: 0
[2016-08-31 15:58:58] EDIT dabkrs/models/dbkrs.py: 2
[2016-08-31 16:00:47] EDIT dabkrs/models/dbkrs.py: -8
[2016-08-31 16:01:31] EDIT dabkrs/models/dbkrs.py: 7
[2016-08-31 16:04:06] EDIT dabkrs/modules/bkrstools.py: 0
[2016-08-31 16:07:24] EDIT dabkrs/controllers/slovar.py: 0
[2016-08-31 16:09:38] EDIT dabkrs/controllers/slovar.py: 0
[2016-08-31 16:11:36] EDIT dabkrs/models/dbkrs.py: 0
[2016-08-31 16:17:54] EDIT dabkrs/views/slovar/text.html: 4
[2016-08-31 16:20:24] EDIT dabkrs/views/slovar/text.html: -7
[2016-08-31 16:24:54] EDIT dabkrs/views/slovar/text.html: -42
[2016-09-01 10:47:06] EDIT dabkrs/models/dbkrs.py: 0
[2016-09-01 10:48:16] EDIT dabkrs/models/dbkrs.py: -1
[2016-09-01 11:25:07] EDIT dabkrs/models/dbkrs.py: 2
[2016-09-01 11:28:26] EDIT dabkrs/models/dbkrs.py: 0
[2016-09-01 11:48:39] EDIT dabkrs/models/dbkrs.py: 1
